2012-09-25 23:22:55,890 [main ] INFO  com.pep.jndi.JndiModule  - configure() : ENTER
2012-09-25 23:22:55,895 [main ] INFO  com.pep.jndi.JndiModule  - ClusterJndi IC provider = com.pep.jndi.InitialContextProvider$Remote
2012-09-25 23:22:55,898 [main ] INFO  com.pep.jndi.JndiModule  - Default IC provider = com.pep.jndi.InitialContextProvider$Remote
2012-09-25 23:22:55,898 [main ] INFO  com.pep.jndi.JndiModule  - earContext = /pep-ear/
2012-09-25 23:22:55,918 [main ] INFO  com.pep.jndi.JndiModule  - configure() : LEAVE
2012-09-25 23:22:56,612 [main ] INFO  com.pep.util.BuildProperties  - Looking for properties in /home/kyuha/trunk/
2012-09-25 23:22:56,628 [main ] DEBUG com.pep.util.BuildProperties  - Properties loaded: 
a4j.compress=true
a4j.default.polling.ms=300000
always.working.days=false
ant.lib.dir=/home/kyuha/trunk/tools/ant-lib
artifact.dir=/home/kyuha/trunk/artifacts
base.config.src=/home/kyuha/trunk/config
basedir=/home/kyuha/trunk
blocking.cancel.all=false
build.dir=/home/kyuha/trunk/build
compiler.args=
compiler.debug=on
compiler.generate.no.warnings=on
compiler.max.memory=128m
coverage.dir=/home/kyuha/trunk/build/coverage
db.driver.class=com.mysql.jdbc.Driver
db.hudson.snapshot.bz2=http://jenkins.parityoffice.com/job/trade-db-snapshot/lastSuccessfulBuild/artifact/trade-snapshot.sql.bz2
db.hudson.snapshot.migrated.trunk.bz2=http://jenkins.parityoffice.com/job/pep-trunk-migrate-trade-snapshot/lastSuccessfulBuild/artifact/db-export/migrated-trade-snapshot.sql.bz2
db.hudson.snapshot.nofrills.bz2=http://jenkins.parityoffice.com/job/trade-db-snapshot/lastSuccessfulBuild/artifact/trade-snapshot-small.sql.bz2
db.liquibase.dir.buildtime=/home/kyuha/trunk/domain-model/src/main/resources
db.liquibase.dir.runtime=/home/kyuha/trunk/build/package/misc/domain-model.jar
db.liquibase.script=pep.changelog.xml
db.liquibase.views=pep.views.changelog.xml
db.pep.dbname=pep
db.pep.host=localhost
db.pep.pass=sa
db.pep.poolsize=32
db.pep.url=jdbc:mysql://localhost/pep
db.pep.user=sa
db.schema.file=empty-3.13.sql
db.snapshot.file=/home/kyuha/trunk/db-tmp/trade-snapshot.sql
db.snapshot.file.bz2=/home/kyuha/trunk/db-tmp/trade-snapshot.sql.bz2
db.snapshot.migrated.trunk.file=/home/kyuha/trunk/db-tmp/migrated-trade-snapshot.sql
db.snapshot.migrated.trunk.file.bz2=/home/kyuha/trunk/db-tmp/migrated-trade-snapshot.sql.bz2
db.snapshot.nofrills.file=/home/kyuha/trunk/db-tmp/trade-snapshot-small.sql
db.snapshot.nofrills.file.bz2=/home/kyuha/trunk/db-tmp/trade-snapshot-small.sql.bz2
db.sql.dir=/home/kyuha/trunk/domain-model/src/main/resources/sql
db.temp.dir=/home/kyuha/trunk/db-tmp
db.test.dbname=peptest
db.test.host=localhost
default_service_jvm_opts=-XX:+UseParNewGC -XX:+UseConcMarkSweepGC -XX:+UseAdaptiveGCBoundary -XX:+CMSClassUnloadingEnabled
ear.name=pep-ear.ear
ejb-jar.name=pep-ejbs.jar
emma.enabled=true
engine.concurrencyLimit=16
engine.contractLockTimeout=30000
engine.maxPriceBandAge=3600000
engine.nThreads=8
engine.threadKeepAliveTime=10
facelets.debug=true
fix.build=/home/kyuha/trunk/fix-service/target
fix.classes=/home/kyuha/trunk/fix-service/target/classes
fix.dir=/home/kyuha/trunk/fix-service
fix.jars.dir=/home/kyuha/trunk/build/package/fix-service
fix.service.jvm.opts=-XX:+UseParNewGC -XX:+UseConcMarkSweepGC -XX:+UseAdaptiveGCBoundary -XX:+CMSClassUnloadingEnabled
fix.settings.AcceptorTemplate=Y
fix.settings.BeginString=FIX.4.4
fix.settings.CheckLatency=Y
fix.settings.ConnectionType=acceptor
fix.settings.DataDictionary=FIX44.xml
fix.settings.EndTime=00:00:00
fix.settings.FileStoreMaxCachedMsgs=1000
fix.settings.FileStorePath=/home/kyuha/trunk/fix-message-store
fix.settings.FileStoreSync=false
fix.settings.MaxLatency=10
fix.settings.ReconnectInterval=60
fix.settings.RefreshOnLogon=Y
fix.settings.SenderCompID=KYUHADESKTOP
fix.settings.SocketAcceptAddress=0.0.0.0
fix.settings.SocketAcceptPort=9878
fix.settings.StartTime=00:00:00
fix.settings.TargetCompID=*
fix.settings.jboss.jnp.url=jnp://localhost:1099
fix.settings.message.log.enabled=true
fix.settings.message.store.enabled=true
fix.settings.pep.jnp.url=jnp://0.0.0.0:1099
im-service.jars.dir=/home/kyuha/trunk/build/package/im-service
im.service.jvm.opts=-XX:+UseParNewGC -XX:+UseConcMarkSweepGC -XX:+UseAdaptiveGCBoundary -XX:+CMSClassUnloadingEnabled
imservice.build=/home/kyuha/trunk/im-service/target
imservice.classes=/home/kyuha/trunk/im-service/target/classes
imservice.dir=/home/kyuha/trunk/im-service
jbm.subdir=messaging
jboss.baseconfig.dir=/home/kyuha/trunk/jboss-5.1.0.GA/server/default
jboss.bind.address=0.0.0.0
jboss.config=default
jboss.config.clustered=/home/kyuha/trunk/config/jboss5/clustered
jboss.config.non-clustered=/home/kyuha/trunk/config/jboss5/non-clustered
jboss.config.src=/home/kyuha/trunk/config/jboss5
jboss.config.subdir=jboss5
jboss.gc.log=jboss-gc.log
jboss.heap.size=512m
jboss.jnp.port=1099
jboss.jnp.url=jnp://0.0.0.0:1099
jboss.jvm.opts=-Xms512M -Xmx1024M  -Xss2M   -XX:MaxPermSize=128M  -XX:+CMSClassUnloadingEnabled -XX:+CMSPermGenSweepingEnabled
jboss.log4j.config=resource:jboss-log4j.xml
jboss.messaging.peerid=0
jboss.native.dir=
jboss.partition.udpGroup=
jboss.perm.size=128m
jboss.service.file=jboss-service-ports.xml
jboss.service.ports=ports-default
jboss.stack.size=128
jbossas.classifier=jdk6
jbossas.dir=/home/kyuha/trunk/jboss-5.1.0.GA
jbossas.name=jboss-5.1.0.GA
jbossas.version=5.1.0.GA
jdk.bin=/opt/jdk1.6/bin
jdk.home=/opt/jdk1.6
jenkins.base.url=http://jenkins.parityoffice.com
jms.pep.poolsize=64
jmxremote.port=12346
local.cluster.address=127.0.0.1
local.cluster.baseconfig=all
local.cluster.basename=${user.home}/pep-cluster
local.cluster.dbhost=localhost
local.cluster.fix.port1=9879
local.cluster.fix.port2=9878
local.cluster.hajndi.urls=localhost:1200,localhost:1300
local.cluster.jmxport1=12346
local.cluster.jmxport2=12347
local.cluster.jnp1=1199
local.cluster.jnp2=1299
local.cluster.node1=1
local.cluster.node2=2
local.cluster.ports1=ports-01
local.cluster.ports2=ports-02
m2.home=${toolbox.home}/maven
maven.max.memory=256m
maven.more.options=
misc.jars.dir=/home/kyuha/trunk/build/package/misc
module.pep-ear.basedir=/home/kyuha/trunk
out.instr.dir=/home/kyuha/trunk/build/coverage-instr
package.dir=/home/kyuha/trunk/build/package
package.ear=/home/kyuha/trunk/build/package/pep-ear.ear
package.ejbjar=/home/kyuha/trunk/build/package/pep-ear.ear/pep-ejbs.jar
package.externalclientsrcjar=/home/kyuha/trunk/build/package/${external-client-src-jar.name}
package.war=/home/kyuha/trunk/build/package/pep-ear.ear/pep-web.war
parity.repository.url=http://artifactory/artifactory/repo
pep-ear.dir=/home/kyuha/trunk/pep-ear
pep-web.dir=/home/kyuha/trunk/pep-web
pep.displaymode=testing
persister.delayLimit=0
persister.sync=false
pricing-service.build=/home/kyuha/trunk/pricing-service/target
pricing-service.classes=/home/kyuha/trunk/pricing-service/target/classes
pricing-service.dir=/home/kyuha/trunk/pricing-service
pricing.jars.dir=/home/kyuha/trunk/build/package/pricing-service
pricing.service.jvm.opts=-Xmx128m
project.basedir=/home/kyuha/trunk
project.jdk.bin=/opt/jdk1.6/bin
project.jdk.classpath=jdk.classpath
project.jdk.home=/opt/jdk1.6
quotespage.authorizationExceptionStagger=3
quotespage.receiverClosedStagger=3
quotespage.refreshStagger=60
runtime.jdk.home=/opt/jdk1.6
salut.settings.BeginString=FIX.4.4
salut.settings.ConnectionType=initiator
salut.settings.EndTime=00:00:00
salut.settings.HeartBtInt=30
salut.settings.MaxLatency=10
salut.settings.ReconnectInterval=5
salut.settings.RefreshOnLogon=Y
salut.settings.ResetOnDisconnect=Y
salut.settings.ResetOnLogon=Y
salut.settings.ResetOnLogout=Y
salut.settings.SenderCompID=COMPANY1
salut.settings.SocketConnectHost=localhost
salut.settings.SocketConnectPort=9879
salut.settings.SocketKeyStore=fix-service/etc/salut.keystore
salut.settings.SocketKeyStorePassword=Password1
salut.settings.SocketUseSSL=N
salut.settings.StartTime=00:00:00
salut.settings.TargetCompID=PEPDEV
salut.settings.pep.passsword=Password1
salut.settings.pep.username=trader1
seam.debug=true
server.lib.dir=/home/kyuha/trunk/build/package/server-lib
show.hibernate.stats=false
startup.add.contract.data=true
startup.add.devdemo.data=true
startup.add.holiday.data=true
startup.add.ndo.count=5
startup.add.sdo.count=5
startup.add.series.count=5
startup.disable.outside.ims=true
tarball.file=/home/kyuha/trunk/build/dist.tar.gz
tomcat.ajp.maxidletime=60000
tomcat.ajp.maxthreads=300
tomcat.ajp.timeout=600000
tomcat.worker.name=worker
toolbox.home=${user.home}/.parity/toolbox-0.8
toolbox.version=0.8
user.refresh.interval=60000
user.timezone=US/Eastern
version.liquibase=2.0.1
version.mysql.driver=5.1.6
war.name=pep-web.war
whentech.settings.AllowUnknownMsgFields=Y
whentech.settings.BeginString=FIX.4.4
whentech.settings.ConnectionType=initiator
whentech.settings.DataDictionary=FIX44.xml
whentech.settings.EndTime=23:30:00
whentech.settings.HeartBtInt=5
whentech.settings.ReconnectInterval=5
whentech.settings.ResetOnLogon=Y
whentech.settings.ResetOnLogout=Y
whentech.settings.SenderCompID=PEPDEV
whentech.settings.SocketConnectHost=localhost
whentech.settings.SocketConnectPort=55554
whentech.settings.SocketUseSSL=N
whentech.settings.StartTime=00:30:00
whentech.settings.TargetCompID=MOCK
whentech.settings.ValidateFieldsOutOfOrder=N
whentech.settings.ValidateUserDefinedFields=N
whentech.settings.max.price.change.ticks=20
whentech.settings.pep.username=pricingOms
whentech.settings.pricing.futures.movement=PEP
whentech.settings.pricing.ignore.requests=false
whentech.settings.pricing.ismock=true
whentech.settings.pricing.logout.loggedininterval=30
whentech.settings.pricing.logout.loggedoutinterval=30
whentech.settings.pricing.logout.user=
whentech.settings.pricing.max.order.queue.seconds=5
whentech.settings.pricing.max.queue.seconds=30
whentech.settings.pricing.randomize.vols=false
whentech.settings.pricing.timeout.seconds=9
whentech.settings.sync.sequence=true
whois.url.pattern=http://whois.domaintools.com/{0}
xmpp.aim.ping.supported=false
xmpp.conference.service=conference
xmpp.enabled=true
xmpp.host=srvny1
xmpp.operator.room=testing4.operator
xmpp.pass=peptesting4
xmpp.servername=srvny1
xmpp.user=peptesting4
yjp.home.dir=
2012-09-25 23:22:56,660 [main ] DEBUG com.pep.fix.util.PropertySessionSettings  - PropertySessionSettings() : setting 25 properties on FIX.4.4:KYUHADESKTOP->*
2012-09-25 23:22:56,662 [main ] INFO  com.pep.fix.PepAcceptorSettings  - Settings:
acceptorTemplateSessionID=FIX.4.4:KYUHADESKTOP->*
maxOrigSendingTimeLatencySeconds=10
checkCompId=true
2012-09-25 23:22:56,663 [main ] INFO  com.pep.fix.AbstractPepCaller  - Getting remote interfaces...
2012-09-25 23:22:56,685 [main ] INFO  com.pep.jndi.InitialContextProvider  - jnpUrl=jnp://0.0.0.0:1099 partitionName=null
2012-09-25 23:22:56,712 [main ] DEBUG org.jnp.interfaces.TimedSocketFactory  - createSocket, hostAddr: /0.0.0.0, port: 1099, localAddr: null, localPort: 0, timeout: 0
2012-09-25 23:22:57,259 [main ] INFO  com.pep.jndi.InitialContextProvider  - jnpUrl=jnp://0.0.0.0:1099 partitionName=null
2012-09-25 23:22:57,289 [main ] INFO  com.pep.jndi.InitialContextProvider  - jnpUrl=jnp://0.0.0.0:1099 partitionName=null
2012-09-25 23:22:57,308 [main ] INFO  com.pep.jndi.InitialContextProvider  - jnpUrl=jnp://0.0.0.0:1099 partitionName=null
2012-09-25 23:22:57,328 [main ] INFO  com.pep.fix.AbstractPepCaller  - Remote interfaces retrieved.
2012-09-25 23:22:57,328 [main ] INFO  com.pep.fix.AbstractPepCaller  - Remote Pep Caller created
2012-09-25 23:22:57,388 [main ] INFO  com.pep.fix.MessageStoreFactoryProvider  - useMessageStore=true
2012-09-25 23:22:57,420 [main ] INFO  com.pep.fix.log.LogFactoryProvider  - Using PEP FIX message logging.
2012-09-25 23:22:57,424 [main ] INFO  com.pep.fix.PepFixService  - +++ Starting heartbeat timer +++
2012-09-25 23:22:59,079 [main ] INFO  com.pep.fix.PepFixService  - +++ Creating acceptor +++
2012-09-25 23:22:59,151 [main ] INFO  com.pep.fix.PepFixService  - PEP FIX SERVICE CREATED
2012-09-25 23:22:59,173 [main ] INFO  com.pep.fix.PepFixService  - +++ Starting PEP message listener +++
2012-09-25 23:22:59,191 [main ] INFO  com.pep.fix.RemotePepListener  - +++++++++++++++++++++++++++PEP Listener Starting
2012-09-25 23:22:59,196 [main ] INFO  com.pep.jndi.InitialContextProvider  - jnpUrl=jnp://0.0.0.0:1099 partitionName=null
2012-09-25 23:23:00,706 [main ] INFO  com.pep.jms.TopicFacade  - facade for /topic/orderStatusRemote ready, topicSession=JBossSession->SessionDelegate[2517828, ID=9l-jhmcvj7h-1-4iu9vj7h-sn99m2-41o4c5]
2012-09-25 23:23:00,706 [main ] INFO  com.pep.jms.TopicFacade  - *** LISTENER STARTED /topic/orderStatusRemote
2012-09-25 23:23:00,706 [main ] INFO  com.pep.fix.RemotePepListener  - ---------------------------PEP Listener Started
2012-09-25 23:23:00,729 [main ] INFO  com.pep.fix.PepFixService$PepAcceptor  - SessionTimer started
2012-09-25 23:23:00,766 [main ] INFO  quickfix.mina.NetworkingOptions  - Socket option: SocketTcpNoDelay=true
2012-09-25 23:23:00,767 [main ] INFO  quickfix.mina.NetworkingOptions  - Socket option: SocketSynchronousWrites=false
2012-09-25 23:23:00,767 [main ] INFO  quickfix.mina.NetworkingOptions  - Socket option: SocketSynchronousWriteTimeout=30000
2012-09-25 23:23:00,777 [main ] INFO  com.pep.fix.PepFixService$PepAcceptor  - Listening for connections at /0.0.0.0:9878
2012-09-25 23:34:16,606 [PepFixService-Shutdown] INFO  com.pep.fix.PepFixService  - stopping super
2012-09-25 23:34:16,606 [PepFixService-Shutdown] INFO  com.pep.fix.PepFixService$PepAcceptor  - No longer accepting connections on /0.0.0.0:9878
2012-09-25 23:34:16,612 [PepFixService-Shutdown] INFO  com.pep.fix.PepFixService$PepAcceptor  - Logging out all sessions
2012-09-25 23:34:16,614 [PepFixService-Shutdown] INFO  com.pep.fix.PepFixService  - stopping listener
2012-09-25 23:34:16,614 [PepFixService-Shutdown] INFO  com.pep.fix.RemotePepListener  - +++++++++++++++++++++++++++Stopping PEP Listener
2012-09-25 23:34:16,685 [PepFixService-Shutdown] INFO  com.pep.jms.TopicFacade  - *** LISTENER STOPPED /topic/orderStatusRemote
2012-09-25 23:34:16,685 [PepFixService-Shutdown] INFO  com.pep.fix.RemotePepListener  - ---------------------------PEP Listener Stopped
2012-09-25 23:34:16,686 [PepFixService-Shutdown] INFO  com.pep.fix.PepFixService$PepAcceptor  - SessionTimer canceled
2012-09-25 23:34:16,717 [PepFixService-Shutdown] INFO  com.pep.fix.PepFixService  - --- Stopping heartbeat timer ---
2012-09-25 23:34:16,717 [PepFixService-Shutdown] INFO  com.pep.fix.PepFixService  - --- Stopping background executor ---
